<?xml version="1.0" encoding="UTF-8"?>
<!-- Generated by org.testng.reporters.JUnitReportReporter -->
<testsuite hostname="LAPTOP-5TIT49CS" failures="0" tests="3" name="com.Hrms.tests.TestPIMPage" time="0.015" errors="0" timestamp="2024-09-29T20:24:32 IST" skipped="1">
  <testcase classname="com.Hrms.tests.TestPIMPage" name="deleteEmployee" time="0.014"/>
  <system-out/>
  <testcase classname="com.Hrms.tests.TestPIMPage" name="viewEmployeeList" time="0.001"/>
  <system-out/>
  <testcase classname="com.Hrms.tests.TestPIMPage" name="viewEmployeeDetails">
    <skipped/>
  </testcase> <!-- viewEmployeeDetails -->
  <system-out/>
</testsuite> <!-- com.Hrms.tests.TestPIMPage -->
